0 info it worked if it ends with ok
1 verbose cli [ '/Users/dan/.nvm/v0.10.38/bin/node',
1 verbose cli   '/Users/dan/.nvm/v0.10.38/bin/npm',
1 verbose cli   'i',
1 verbose cli   '--save',
1 verbose cli   'babel-node' ]
2 info using npm@1.4.28
3 info using node@v0.10.38
4 warn package.json wtfreact@1.0.0 No repository field.
5 verbose readDependencies using package.json deps
6 verbose cache add [ 'babel-node', null ]
7 verbose cache add name=undefined spec="babel-node" args=["babel-node",null]
8 verbose parsed url { protocol: null,
8 verbose parsed url   slashes: null,
8 verbose parsed url   auth: null,
8 verbose parsed url   host: null,
8 verbose parsed url   port: null,
8 verbose parsed url   hostname: null,
8 verbose parsed url   hash: null,
8 verbose parsed url   search: null,
8 verbose parsed url   query: null,
8 verbose parsed url   pathname: 'babel-node',
8 verbose parsed url   path: 'babel-node',
8 verbose parsed url   href: 'babel-node' }
9 silly lockFile ada52164-babel-node babel-node
10 verbose lock babel-node /Users/dan/.npm/ada52164-babel-node.lock
11 silly lockFile ada52164-babel-node babel-node
12 silly lockFile ada52164-babel-node babel-node
13 verbose addNamed [ 'babel-node', '' ]
14 verbose addNamed [ null, '*' ]
15 silly lockFile 5e3b2533-babel-node babel-node@
16 verbose lock babel-node@ /Users/dan/.npm/5e3b2533-babel-node.lock
17 silly addNameRange { name: 'babel-node', range: '*', hasData: false }
18 verbose request where is /babel-node
19 verbose request registry https://registry.npmjs.org/
20 verbose request id d27462a5511af11f
21 verbose url raw /babel-node
22 verbose url resolving [ 'https://registry.npmjs.org/', './babel-node' ]
23 verbose url resolved https://registry.npmjs.org/babel-node
24 verbose request where is https://registry.npmjs.org/babel-node
25 info trying registry request attempt 1 at 16:06:26
26 http GET https://registry.npmjs.org/babel-node
27 http 404 https://registry.npmjs.org/babel-node
28 verbose headers { server: 'CouchDB/1.5.0 (Erlang OTP/R16B03)',
28 verbose headers   'content-type': 'application/json',
28 verbose headers   'cache-control': 'max-age=0',
28 verbose headers   'content-length': '51',
28 verbose headers   'accept-ranges': 'bytes',
28 verbose headers   date: 'Sat, 25 Jul 2015 23:06:26 GMT',
28 verbose headers   via: '1.1 varnish',
28 verbose headers   age: '0',
28 verbose headers   connection: 'keep-alive',
28 verbose headers   'x-served-by': 'cache-dfw1827-DFW',
28 verbose headers   'x-cache': 'MISS',
28 verbose headers   'x-cache-hits': '0',
28 verbose headers   'x-timer': 'S1437865586.527849,VS0,VE73' }
29 silly registry.get cb [ 404,
29 silly registry.get   { server: 'CouchDB/1.5.0 (Erlang OTP/R16B03)',
29 silly registry.get     'content-type': 'application/json',
29 silly registry.get     'cache-control': 'max-age=0',
29 silly registry.get     'content-length': '51',
29 silly registry.get     'accept-ranges': 'bytes',
29 silly registry.get     date: 'Sat, 25 Jul 2015 23:06:26 GMT',
29 silly registry.get     via: '1.1 varnish',
29 silly registry.get     age: '0',
29 silly registry.get     connection: 'keep-alive',
29 silly registry.get     'x-served-by': 'cache-dfw1827-DFW',
29 silly registry.get     'x-cache': 'MISS',
29 silly registry.get     'x-cache-hits': '0',
29 silly registry.get     'x-timer': 'S1437865586.527849,VS0,VE73' } ]
30 silly lockFile 5e3b2533-babel-node babel-node@
31 silly lockFile 5e3b2533-babel-node babel-node@
32 error 404 404 Not Found: babel-node
32 error 404
32 error 404 'babel-node' is not in the npm registry.
32 error 404 You should bug the author to publish it
32 error 404 It was specified as a dependency of 'wtfreact'
32 error 404
32 error 404 Note that you can also install from a
32 error 404 tarball, folder, or http url, or git url.
33 error System Darwin 14.4.0
34 error command "/Users/dan/.nvm/v0.10.38/bin/node" "/Users/dan/.nvm/v0.10.38/bin/npm" "i" "--save" "babel-node"
35 error cwd /Users/dan/projects/sandbox/wtfreact
36 error node -v v0.10.38
37 error npm -v 1.4.28
38 error code E404
39 verbose exit [ 1, true ]
